0 info it worked if it ends with ok
1 verbose cli [ '/usr/local/bin/node', '/usr/local/bin/npm', 'run', 'test' ]
2 info using npm@3.7.5
3 info using node@v5.7.0
4 verbose run-script [ 'pretest', 'test', 'posttest' ]
5 info lifecycle pile.js@0.0.1~pretest: pile.js@0.0.1
6 silly lifecycle pile.js@0.0.1~pretest: no script for pretest, continuing
7 info lifecycle pile.js@0.0.1~test: pile.js@0.0.1
8 verbose lifecycle pile.js@0.0.1~test: unsafe-perm in lifecycle true
9 verbose lifecycle pile.js@0.0.1~test: PATH: /usr/local/lib/node_modules/npm/bin/node-gyp-bin:/vagrant/node_modules/.bin:/usr/local/bin:/usr/local/sbin:/usr/local/bin:/usr/sbin:/usr/bin:/sbin:/bin:/usr/games:/opt/vagrant_ruby/bin
10 verbose lifecycle pile.js@0.0.1~test: CWD: /vagrant
11 silly lifecycle pile.js@0.0.1~test: Args: [ '-c',
11 silly lifecycle   'babel-node ./node_modules/istanbul/lib/cli.js cover ./node_modules/.bin/_mocha -- \'test/**/*.es6\' --require test/lib/bootstrap && cat ./doc/coverage/lcov.info | ./node_modules/coveralls/bin/coveralls.js' ]
12 silly lifecycle pile.js@0.0.1~test: Returned: code: 1  signal: null
13 info lifecycle pile.js@0.0.1~test: Failed to exec test script
14 verbose stack Error: pile.js@0.0.1 test: `babel-node ./node_modules/istanbul/lib/cli.js cover ./node_modules/.bin/_mocha -- 'test/**/*.es6' --require test/lib/bootstrap && cat ./doc/coverage/lcov.info | ./node_modules/coveralls/bin/coveralls.js`
14 verbose stack Exit status 1
14 verbose stack     at EventEmitter.<anonymous> (/usr/local/lib/node_modules/npm/lib/utils/lifecycle.js:239:16)
14 verbose stack     at emitTwo (events.js:100:13)
14 verbose stack     at EventEmitter.emit (events.js:185:7)
14 verbose stack     at ChildProcess.<anonymous> (/usr/local/lib/node_modules/npm/lib/utils/spawn.js:24:14)
14 verbose stack     at emitTwo (events.js:100:13)
14 verbose stack     at ChildProcess.emit (events.js:185:7)
14 verbose stack     at maybeClose (internal/child_process.js:827:16)
14 verbose stack     at Process.ChildProcess._handle.onexit (internal/child_process.js:211:5)
15 verbose pkgid pile.js@0.0.1
16 verbose cwd /vagrant
17 error Linux 3.2.0-23-generic
18 error argv "/usr/local/bin/node" "/usr/local/bin/npm" "run" "test"
19 error node v5.7.0
20 error npm  v3.7.5
21 error code ELIFECYCLE
22 error pile.js@0.0.1 test: `babel-node ./node_modules/istanbul/lib/cli.js cover ./node_modules/.bin/_mocha -- 'test/**/*.es6' --require test/lib/bootstrap && cat ./doc/coverage/lcov.info | ./node_modules/coveralls/bin/coveralls.js`
22 error Exit status 1
23 error Failed at the pile.js@0.0.1 test script 'babel-node ./node_modules/istanbul/lib/cli.js cover ./node_modules/.bin/_mocha -- 'test/**/*.es6' --require test/lib/bootstrap && cat ./doc/coverage/lcov.info | ./node_modules/coveralls/bin/coveralls.js'.
23 error Make sure you have the latest version of node.js and npm installed.
23 error If you do, this is most likely a problem with the pile.js package,
23 error not with npm itself.
23 error Tell the author that this fails on your system:
23 error     babel-node ./node_modules/istanbul/lib/cli.js cover ./node_modules/.bin/_mocha -- 'test/**/*.es6' --require test/lib/bootstrap && cat ./doc/coverage/lcov.info | ./node_modules/coveralls/bin/coveralls.js
23 error You can get information on how to open an issue for this project with:
23 error     npm bugs pile.js
23 error Or if that isn't available, you can get their info via:
23 error     npm owner ls pile.js
23 error There is likely additional logging output above.
24 verbose exit [ 1, true ]
